<?xml version="1.0" encoding="UTF-8"?>
<testsuite xmlns:xsi="http://www.w3.org/2001/XMLSchema-instance" xsi:noNamespaceSchemaLocation="https://maven.apache.org/surefire/maven-surefire-plugin/xsd/surefire-test-report-3.0.xsd" version="3.0" name="de.htw_berlin.fb4.proseapp.AppTest" time="0.034" tests="1" errors="0" skipped="0" failures="0">
  <properties>
    <property name="java.specification.version" value="24"/>
    <property name="sun.cpu.isalist" value="amd64"/>
    <property name="sun.jnu.encoding" value="Cp1251"/>
    <property name="java.class.path" value="C:\Users\lsfed\Documents\HTW\IKT2025\my-prose-app\prose-app\target\test-classes;C:\Users\lsfed\Documents\HTW\IKT2025\my-prose-app\prose-app\target\classes;C:\Users\lsfed\.m2\repository\junit\junit\3.8.1\junit-3.8.1.jar;C:\Users\lsfed\.m2\repository\de\htw_berlin\fb4\ossd\prose_builder\1.0-SNAPSHOT\prose_builder-1.0-SNAPSHOT.jar;"/>
    <property name="java.vm.vendor" value="Oracle Corporation"/>
    <property name="sun.arch.data.model" value="64"/>
    <property name="user.variant" value=""/>
    <property name="java.vendor.url" value="https://java.oracle.com/"/>
    <property name="user.timezone" value="Europe/Berlin"/>
    <property name="os.name" value="Windows 11"/>
    <property name="java.vm.specification.version" value="24"/>
    <property name="sun.java.launcher" value="SUN_STANDARD"/>
    <property name="user.country" value="DE"/>
    <property name="sun.boot.library.path" value="C:\Program Files\Java\jdk-24\bin"/>
    <property name="sun.java.command" value="C:\Users\lsfed\AppData\Local\Temp\surefire6399246072419035308\surefirebooter-20250512131755592_3.jar C:\Users\lsfed\AppData\Local\Temp\surefire6399246072419035308 2025-05-12T13-17-55_458-jvmRun1 surefire-20250512131755592_1tmp surefire_0-20250512131755592_2tmp"/>
    <property name="jdk.debug" value="release"/>
    <property name="surefire.test.class.path" value="C:\Users\lsfed\Documents\HTW\IKT2025\my-prose-app\prose-app\target\test-classes;C:\Users\lsfed\Documents\HTW\IKT2025\my-prose-app\prose-app\target\classes;C:\Users\lsfed\.m2\repository\junit\junit\3.8.1\junit-3.8.1.jar;C:\Users\lsfed\.m2\repository\de\htw_berlin\fb4\ossd\prose_builder\1.0-SNAPSHOT\prose_builder-1.0-SNAPSHOT.jar;"/>
    <property name="sun.cpu.endian" value="little"/>
    <property name="user.home" value="C:\Users\lsfed"/>
    <property name="user.language" value="de"/>
    <property name="java.specification.vendor" value="Oracle Corporation"/>
    <property name="java.version.date" value="2025-04-15"/>
    <property name="java.home" value="C:\Program Files\Java\jdk-24"/>
    <property name="file.separator" value="\"/>
    <property name="basedir" value="C:\Users\lsfed\Documents\HTW\IKT2025\my-prose-app\prose-app"/>
    <property name="java.vm.compressedOopsMode" value="Zero based"/>
    <property name="line.separator" value="&#10;"/>
    <property name="java.vm.specification.vendor" value="Oracle Corporation"/>
    <property name="java.specification.name" value="Java Platform API Specification"/>
    <property name="surefire.real.class.path" value="C:\Users\lsfed\AppData\Local\Temp\surefire6399246072419035308\surefirebooter-20250512131755592_3.jar"/>
    <property name="user.script" value=""/>
    <property name="sun.management.compiler" value="HotSpot 64-Bit Tiered Compilers"/>
    <property name="java.runtime.version" value="24.0.1+9-30"/>
    <property name="user.name" value="lsfed"/>
    <property name="stdout.encoding" value="Cp1251"/>
    <property name="path.separator" value=";"/>
    <property name="os.version" value="10.0"/>
    <property name="java.runtime.name" value="Java(TM) SE Runtime Environment"/>
    <property name="file.encoding" value="UTF-8"/>
    <property name="java.vm.name" value="Java HotSpot(TM) 64-Bit Server VM"/>
    <property name="localRepository" value="C:\Users\lsfed\.m2\repository"/>
    <property name="java.vendor.url.bug" value="https://bugreport.java.com/bugreport/"/>
    <property name="java.io.tmpdir" value="C:\Users\lsfed\AppData\Local\Temp\"/>
    <property name="java.version" value="24.0.1"/>
    <property name="user.dir" value="C:\Users\lsfed\Documents\HTW\IKT2025\my-prose-app\prose-app"/>
    <property name="os.arch" value="amd64"/>
    <property name="java.vm.specification.name" value="Java Virtual Machine Specification"/>
    <property name="sun.os.patch.level" value=""/>
    <property name="native.encoding" value="Cp1251"/>
    <property name="java.library.path" value="C:\Program Files\Java\jdk-24\bin;C:\WINDOWS\Sun\Java\bin;C:\WINDOWS\system32;C:\WINDOWS;C:\Users\lsfed\bin;C:\Program Files\Git\mingw64\bin;C:\Program Files\Git\usr\local\bin;C:\Program Files\Git\usr\bin;C:\Program Files\Git\usr\bin;C:\Program Files\Git\mingw64\bin;C:\Program Files\Git\usr\bin;C:\Users\lsfed\bin;C:\Program Files\Common Files\Oracle\Java\javapath;C:\xampp\php;C:\WINDOWS\system32;C:\WINDOWS;C:\WINDOWS\System32\Wbem;C:\WINDOWS\System32\WindowsPowerShell\v1.0;C:\WINDOWS\System32\OpenSSH;C:\Program Files (x86)\dotnet;C:\Program Files\MATLAB\R2017b\bin;C:\WINDOWS\system3;C:\WINDOWS\system32\WBEMNote&quot;;C:\Program Files\PostgreSQL\15\bin;C:\Program Files\dotnet;C:\Program Files\nodejs;C:\Programm\Maven\apache-maven-3.9.9\bin;C:\Program Files\Java\jdk-24\bin;C:\Program Files\Git\cmd;C:\Program Files\Git\mingw64\bin;C:\Program Files\Git\usr\bin;C:\Users\lsfed\AppData\Local\Microsoft\WindowsApps;C:\Users\lsfed\AppData\Local\GitHubDesktop\bin;C:\Program Files\JetBrains\PhpStorm 2021.2.3\bin;C:\Program Files\JetBrains\IntelliJ IDEA 2021.2.3\bin;C:\Users\lsfed\AppData\Local\Google\Cloud SDK\google-cloud-sdk\bin;C:\Users\lsfed\AppData\Local\gitkraken\bin;C:\Users\lsfed\AppData\Local\Microsoft\WindowsApps;C:\Users\lsfed\AppData\Local\Programs\Microsoft VS Code\bin;C:\Users\lsfed\AppData\Roaming\npm;C:\Program Files\Git\usr\bin\vendor_perl;C:\Program Files\Git\usr\bin\core_perl;."/>
    <property name="java.vm.info" value="mixed mode, sharing"/>
    <property name="stderr.encoding" value="Cp1251"/>
    <property name="java.vendor" value="Oracle Corporation"/>
    <property name="java.vm.version" value="24.0.1+9-30"/>
    <property name="sun.io.unicode.encoding" value="UnicodeLittle"/>
    <property name="java.class.version" value="68.0"/>
  </properties>
  <testcase name="testApp" classname="de.htw_berlin.fb4.proseapp.AppTest" time="0.004"/>
</testsuite>